c:\users\smac\source\repos\obligatorioeda\obligatorioeda\x64\debug\vc143.pdb
c:\users\smac\source\repos\obligatorioeda\obligatorioeda\x64\debug\vc143.idb
c:\users\smac\source\repos\obligatorioeda\obligatorioeda\x64\debug\variables.obj
c:\users\smac\source\repos\obligatorioeda\obligatorioeda\x64\debug\tuples.obj
c:\users\smac\source\repos\obligatorioeda\obligatorioeda\x64\debug\tests.obj
c:\users\smac\source\repos\obligatorioeda\obligatorioeda\x64\debug\tables.obj
c:\users\smac\source\repos\obligatorioeda\obligatorioeda\x64\debug\print.obj
c:\users\smac\source\repos\obligatorioeda\obligatorioeda\x64\debug\operations.obj
c:\users\smac\source\repos\obligatorioeda\obligatorioeda\x64\debug\main.obj
c:\users\smac\source\repos\obligatorioeda\obligatorioeda\x64\debug\deletehelpers.obj
c:\users\smac\source\repos\obligatorioeda\obligatorioeda\x64\debug\columns.obj
c:\users\smac\source\repos\obligatorioeda\x64\debug\obligatorioeda.exe
c:\users\smac\source\repos\obligatorioeda\obligatorioeda\x64\debug\obligatorioeda.ilk
c:\users\smac\source\repos\obligatorioeda\x64\debug\obligatorioeda.pdb
c:\users\smac\source\repos\obligatorioeda\obligatorioeda\x64\debug\obligatorioeda.tlog\cl.command.1.tlog
c:\users\smac\source\repos\obligatorioeda\obligatorioeda\x64\debug\obligatorioeda.tlog\cl.read.1.tlog
c:\users\smac\source\repos\obligatorioeda\obligatorioeda\x64\debug\obligatorioeda.tlog\cl.write.1.tlog
c:\users\smac\source\repos\obligatorioeda\obligatorioeda\x64\debug\obligatorioeda.tlog\link.command.1.tlog
c:\users\smac\source\repos\obligatorioeda\obligatorioeda\x64\debug\obligatorioeda.tlog\link.read.1.tlog
c:\users\smac\source\repos\obligatorioeda\obligatorioeda\x64\debug\obligatorioeda.tlog\link.write.1.tlog
